<?xml version="1.0" encoding="UTF-8"?>
<!-- Generated by org.testng.reporters.JUnitReportReporter -->
<testsuite skipped="0" hostname="DESKTOP-114NGE7" name="com.automationpractice.qa.base.TestBase" tests="1" failures="0" timestamp="22 Aug 2019 18:57:56 GMT" time="0.007" errors="0">
  <testcase name="TestBasenew" time="0.007" classname="com.automationpractice.qa.base.TestBase"/>
</testsuite> <!-- com.automationpractice.qa.base.TestBase -->
