<?xml version="1.0" encoding="UTF-8"?>
<!-- Generated by org.testng.reporters.JUnitReportReporter -->
<testsuite skipped="0" hostname="DESKTOP-114NGE7" name="com.automationpractice.qa.testcases.HomePageTest" tests="3" failures="0" timestamp="23 Aug 2019 19:15:08 GMT" time="21.747" errors="0">
  <testcase name="login" time="8.383" classname="com.automationpractice.qa.testcases.HomePageTest"/>
  <testcase name="logo" time="6.525" classname="com.automationpractice.qa.testcases.HomePageTest"/>
  <testcase name="pageTitle" time="6.839" classname="com.automationpractice.qa.testcases.HomePageTest"/>
</testsuite> <!-- com.automationpractice.qa.testcases.HomePageTest -->
